<?xml version="1.0" encoding="UTF-8"?>
<!-- Generated by org.testng.reporters.JUnitReportReporter -->
<testsuite hostname="MMLDVJITESHGHAD" failures="0" tests="1" name="testCasePackage.TC_Login" time="7.181" errors="0" timestamp="2024-03-22T15:24:19 IST" skipped="0">
  <testcase classname="testCasePackage.TC_Login" name="loginTest" time="7.181"/>
</testsuite> <!-- testCasePackage.TC_Login -->
